18:59:44.705 [main] INFO  testCases.TC_001_AccountRegistrationTest - ***  Starting TC_001_AccountRegistrationTest ***
18:59:44.852 [main] INFO  testCases.TC_001_AccountRegistrationTest - Clicked on My account link
18:59:45.490 [main] INFO  testCases.TC_001_AccountRegistrationTest - Clicked on register link
18:59:45.493 [main] INFO  testCases.TC_001_AccountRegistrationTest - Providing customer data
18:59:56.096 [main] ERROR testCases.TC_001_AccountRegistrationTest - test failed
19:14:51.872 [main] INFO  testCases.TC_001_AccountRegistrationTest - ***  Starting TC_001_AccountRegistrationTest ***
19:14:52.036 [main] INFO  testCases.TC_001_AccountRegistrationTest - Clicked on My account link
19:14:52.845 [main] INFO  testCases.TC_001_AccountRegistrationTest - Clicked on register link
19:14:52.849 [main] INFO  testCases.TC_001_AccountRegistrationTest - Providing customer data
19:15:03.505 [main] ERROR testCases.TC_001_AccountRegistrationTest - test failed
19:15:41.638 [main] INFO  testCases.TC_001_AccountRegistrationTest - ***  Starting TC_001_AccountRegistrationTest ***
19:15:41.769 [main] INFO  testCases.TC_001_AccountRegistrationTest - Clicked on My account link
19:15:42.619 [main] INFO  testCases.TC_001_AccountRegistrationTest - Clicked on register link
19:15:42.623 [main] INFO  testCases.TC_001_AccountRegistrationTest - Providing customer data
19:15:53.229 [main] ERROR testCases.TC_001_AccountRegistrationTest - test failed
19:16:44.034 [main] INFO  testCases.TC_001_AccountRegistrationTest - ***  Starting TC_001_AccountRegistrationTest ***
19:16:44.174 [main] INFO  testCases.TC_001_AccountRegistrationTest - Clicked on My account link
19:16:45.085 [main] INFO  testCases.TC_001_AccountRegistrationTest - Clicked on register link
19:16:45.089 [main] INFO  testCases.TC_001_AccountRegistrationTest - Providing customer data
19:16:55.686 [main] ERROR testCases.TC_001_AccountRegistrationTest - test failed
19:17:48.650 [main] INFO  testCases.TC_001_AccountRegistrationTest - ***  Starting TC_001_AccountRegistrationTest ***
19:17:48.786 [main] INFO  testCases.TC_001_AccountRegistrationTest - Clicked on My account link
19:17:49.466 [main] INFO  testCases.TC_001_AccountRegistrationTest - Clicked on register link
19:17:49.470 [main] INFO  testCases.TC_001_AccountRegistrationTest - Providing customer data
19:18:00.027 [main] ERROR testCases.TC_001_AccountRegistrationTest - test failed
19:18:39.290 [main] INFO  testCases.TC_001_AccountRegistrationTest - ***  Starting TC_001_AccountRegistrationTest ***
19:18:39.435 [main] INFO  testCases.TC_001_AccountRegistrationTest - Clicked on My account link
19:18:39.980 [main] INFO  testCases.TC_001_AccountRegistrationTest - Clicked on register link
19:18:39.983 [main] INFO  testCases.TC_001_AccountRegistrationTest - Providing customer data
19:18:50.526 [main] ERROR testCases.TC_001_AccountRegistrationTest - test failed
19:21:15.084 [main] DEBUG io.netty.util.internal.logging.InternalLoggerFactory - Using Log4J2 as the default logging framework
19:21:15.108 [main] DEBUG io.netty.util.ResourceLeakDetector - -Dio.netty.leakDetection.level: simple
19:21:15.109 [main] DEBUG io.netty.util.ResourceLeakDetector - -Dio.netty.leakDetection.targetRecords: 4
19:21:15.114 [main] DEBUG io.netty.util.ResourceLeakDetectorFactory - Loaded default ResourceLeakDetector: io.netty.util.ResourceLeakDetector@4ce14f05
19:21:15.136 [main] DEBUG io.netty.util.internal.PlatformDependent0 - -Dio.netty.noUnsafe: false
19:21:15.136 [main] DEBUG io.netty.util.internal.PlatformDependent0 - Java version: 17
19:21:15.137 [main] DEBUG io.netty.util.internal.PlatformDependent0 - sun.misc.Unsafe.theUnsafe: available
19:21:15.138 [main] DEBUG io.netty.util.internal.PlatformDependent0 - sun.misc.Unsafe.copyMemory: available
19:21:15.138 [main] DEBUG io.netty.util.internal.PlatformDependent0 - sun.misc.Unsafe.storeFence: available
19:21:15.139 [main] DEBUG io.netty.util.internal.PlatformDependent0 - java.nio.Buffer.address: available
19:21:15.139 [main] DEBUG io.netty.util.internal.PlatformDependent0 - direct buffer constructor: unavailable: Reflective setAccessible(true) disabled
19:21:15.140 [main] DEBUG io.netty.util.internal.PlatformDependent0 - java.nio.Bits.unaligned: available, true
19:21:15.141 [main] DEBUG io.netty.util.internal.PlatformDependent0 - jdk.internal.misc.Unsafe.allocateUninitializedArray(int): unavailable: class io.netty.util.internal.PlatformDependent0$7 cannot access class jdk.internal.misc.Unsafe (in module java.base) because module java.base does not export jdk.internal.misc to unnamed module @2096442d
19:21:15.143 [main] DEBUG io.netty.util.internal.PlatformDependent0 - java.nio.DirectByteBuffer.<init>(long, int): unavailable
19:21:15.143 [main] DEBUG io.netty.util.internal.PlatformDependent - sun.misc.Unsafe: available
19:21:15.143 [main] DEBUG io.netty.util.internal.PlatformDependent - maxDirectMemory: 3047161856 bytes (maybe)
19:21:15.144 [main] DEBUG io.netty.util.internal.PlatformDependent - -Dio.netty.tmpdir: C:\Users\Pragathi\AppData\Local\Temp (java.io.tmpdir)
19:21:15.144 [main] DEBUG io.netty.util.internal.PlatformDependent - -Dio.netty.bitMode: 64 (sun.arch.data.model)
19:21:15.144 [main] DEBUG io.netty.util.internal.PlatformDependent - Platform: Windows
19:21:15.144 [main] DEBUG io.netty.util.internal.PlatformDependent - -Dio.netty.maxDirectMemory: -1 bytes
19:21:15.144 [main] DEBUG io.netty.util.internal.PlatformDependent - -Dio.netty.uninitializedArrayAllocationThreshold: -1
19:21:15.147 [main] DEBUG io.netty.util.internal.CleanerJava9 - java.nio.ByteBuffer.cleaner(): available
19:21:15.147 [main] DEBUG io.netty.util.internal.PlatformDependent - -Dio.netty.noPreferDirect: false
19:21:15.157 [main] DEBUG io.netty.util.internal.PlatformDependent - org.jctools-core.MpscChunkedArrayQueue: available
19:21:15.180 [main] DEBUG io.netty.util.internal.InternalThreadLocalMap - -Dio.netty.threadLocalMap.stringBuilder.initialSize: 1024
19:21:15.180 [main] DEBUG io.netty.util.internal.InternalThreadLocalMap - -Dio.netty.threadLocalMap.stringBuilder.maxSize: 4096
19:21:15.244 [main] DEBUG io.netty.handler.ssl.JdkSslContext - Default protocols (JDK): [TLSv1.3, TLSv1.2] 
19:21:15.245 [main] DEBUG io.netty.handler.ssl.JdkSslContext - Default cipher suites (JDK): [TLS_ECDHE_ECDSA_WITH_AES_256_GCM_SHA384, TLS_ECDHE_ECDSA_WITH_AES_128_GCM_SHA256, TLS_ECDHE_RSA_WITH_AES_128_GCM_SHA256, TLS_ECDHE_RSA_WITH_AES_256_GCM_SHA384, TLS_ECDHE_RSA_WITH_AES_128_CBC_SHA, TLS_ECDHE_RSA_WITH_AES_256_CBC_SHA, TLS_RSA_WITH_AES_128_GCM_SHA256, TLS_RSA_WITH_AES_128_CBC_SHA, TLS_RSA_WITH_AES_256_CBC_SHA, TLS_AES_128_GCM_SHA256, TLS_AES_256_GCM_SHA384]
19:21:15.267 [main] DEBUG io.netty.util.concurrent.GlobalEventExecutor - -Dio.netty.globalEventExecutor.quietPeriodSeconds: 1
19:21:15.285 [main] DEBUG io.netty.channel.MultithreadEventLoopGroup - -Dio.netty.eventLoopThreads: 24
19:21:15.300 [main] DEBUG io.netty.channel.nio.NioEventLoop - -Dio.netty.noKeySetOptimization: false
19:21:15.300 [main] DEBUG io.netty.channel.nio.NioEventLoop - -Dio.netty.selectorAutoRebuildThreshold: 512
19:21:15.395 [main] DEBUG io.netty.buffer.PooledByteBufAllocator - -Dio.netty.allocator.numHeapArenas: 24
19:21:15.395 [main] DEBUG io.netty.buffer.PooledByteBufAllocator - -Dio.netty.allocator.numDirectArenas: 24
19:21:15.395 [main] DEBUG io.netty.buffer.PooledByteBufAllocator - -Dio.netty.allocator.pageSize: 8192
19:21:15.396 [main] DEBUG io.netty.buffer.PooledByteBufAllocator - -Dio.netty.allocator.maxOrder: 9
19:21:15.396 [main] DEBUG io.netty.buffer.PooledByteBufAllocator - -Dio.netty.allocator.chunkSize: 4194304
19:21:15.396 [main] DEBUG io.netty.buffer.PooledByteBufAllocator - -Dio.netty.allocator.smallCacheSize: 256
19:21:15.396 [main] DEBUG io.netty.buffer.PooledByteBufAllocator - -Dio.netty.allocator.normalCacheSize: 64
19:21:15.396 [main] DEBUG io.netty.buffer.PooledByteBufAllocator - -Dio.netty.allocator.maxCachedBufferCapacity: 32768
19:21:15.396 [main] DEBUG io.netty.buffer.PooledByteBufAllocator - -Dio.netty.allocator.cacheTrimInterval: 8192
19:21:15.396 [main] DEBUG io.netty.buffer.PooledByteBufAllocator - -Dio.netty.allocator.cacheTrimIntervalMillis: 0
19:21:15.396 [main] DEBUG io.netty.buffer.PooledByteBufAllocator - -Dio.netty.allocator.useCacheForAllThreads: false
19:21:15.396 [main] DEBUG io.netty.buffer.PooledByteBufAllocator - -Dio.netty.allocator.maxCachedByteBuffersPerChunk: 1023
19:21:15.411 [main] DEBUG io.netty.buffer.ByteBufUtil - -Dio.netty.allocator.type: pooled
19:21:15.411 [main] DEBUG io.netty.buffer.ByteBufUtil - -Dio.netty.threadLocalDirectBufferSize: 0
19:21:15.411 [main] DEBUG io.netty.buffer.ByteBufUtil - -Dio.netty.maxThreadLocalCharBufferSize: 16384
19:21:15.815 [Forwarding newSession on session null to remote] DEBUG io.netty.channel.DefaultChannelId - -Dio.netty.processId: 31980 (auto-detected)
19:21:15.817 [Forwarding newSession on session null to remote] DEBUG io.netty.util.NetUtil - -Djava.net.preferIPv4Stack: false
19:21:15.817 [Forwarding newSession on session null to remote] DEBUG io.netty.util.NetUtil - -Djava.net.preferIPv6Addresses: false
19:21:15.831 [Forwarding newSession on session null to remote] DEBUG io.netty.util.NetUtilInitializations - Loopback interface: lo (Software Loopback Interface 1, 127.0.0.1)
19:21:15.833 [Forwarding newSession on session null to remote] DEBUG io.netty.util.NetUtil - Failed to get SOMAXCONN from sysctl and file \proc\sys\net\core\somaxconn. Default: 200
19:21:15.871 [Forwarding newSession on session null to remote] DEBUG io.netty.channel.DefaultChannelId - -Dio.netty.machineId: 60:e9:aa:ff:fe:9b:2d:4b (auto-detected)
19:21:15.939 [AsyncHttpClient-1-2] DEBUG io.netty.buffer.AbstractByteBuf - -Dio.netty.buffer.checkAccessible: true
19:21:15.939 [AsyncHttpClient-1-2] DEBUG io.netty.buffer.AbstractByteBuf - -Dio.netty.buffer.checkBounds: true
19:21:15.940 [AsyncHttpClient-1-2] DEBUG io.netty.util.ResourceLeakDetectorFactory - Loaded default ResourceLeakDetector: io.netty.util.ResourceLeakDetector@13206370
19:21:15.980 [AsyncHttpClient-1-2] DEBUG io.netty.util.Recycler - -Dio.netty.recycler.maxCapacityPerThread: 4096
19:21:15.980 [AsyncHttpClient-1-2] DEBUG io.netty.util.Recycler - -Dio.netty.recycler.ratio: 8
19:21:15.980 [AsyncHttpClient-1-2] DEBUG io.netty.util.Recycler - -Dio.netty.recycler.chunkSize: 32
19:21:15.980 [AsyncHttpClient-1-2] DEBUG io.netty.util.Recycler - -Dio.netty.recycler.blocking: false
19:21:15.980 [AsyncHttpClient-1-2] DEBUG io.netty.util.Recycler - -Dio.netty.recycler.batchFastThreadLocalOnly: true
19:21:16.699 [AsyncHttpClient-1-2] DEBUG io.netty.handler.codec.compression.Brotli - brotli4j not in the classpath; Brotli support will be unavailable.
19:21:16.821 [main] DEBUG io.netty.util.internal.ThreadLocalRandom - -Dio.netty.initialSeedUniquifier: 0x78ad462f3b5c63f8
19:21:17.958 [main] DEBUG testCases.TC_001_AccountRegistrationTest - application logs......
19:21:17.958 [main] INFO  testCases.TC_001_AccountRegistrationTest - ***  Starting TC_001_AccountRegistrationTest ***
19:21:18.089 [main] INFO  testCases.TC_001_AccountRegistrationTest - Clicked on My account link
19:21:18.606 [main] INFO  testCases.TC_001_AccountRegistrationTest - Clicked on register link
19:21:18.609 [main] INFO  testCases.TC_001_AccountRegistrationTest - Providing customer data
19:21:29.206 [main] ERROR testCases.TC_001_AccountRegistrationTest - test failed
19:37:00.229 [main] INFO  testCases.TC_001_AccountRegistrationTest - ***  Starting TC_001_AccountRegistrationTest ***
19:37:00.353 [main] INFO  testCases.TC_001_AccountRegistrationTest - Clicked on My account link
19:37:00.897 [main] INFO  testCases.TC_001_AccountRegistrationTest - Clicked on register link
19:37:00.901 [main] INFO  testCases.TC_001_AccountRegistrationTest - Providing customer data
19:37:02.537 [main] ERROR testCases.TC_001_AccountRegistrationTest - test failed
19:54:45.616 [main] INFO  testCases.TC_001_AccountRegistrationTest - ***  Starting TC_001_AccountRegistrationTest ***
19:54:45.789 [main] INFO  testCases.TC_001_AccountRegistrationTest - Clicked on My account link
19:54:46.704 [main] INFO  testCases.TC_001_AccountRegistrationTest - Clicked on register link
19:54:46.707 [main] INFO  testCases.TC_001_AccountRegistrationTest - Providing customer data
19:54:48.593 [main] ERROR testCases.TC_001_AccountRegistrationTest - test failed
20:59:22.193 [TestNG-tests-1] INFO  testCases.TC_001_AccountRegistrationTest - ***  Starting TC_001_AccountRegistrationTest ***
20:59:22.347 [TestNG-tests-2] INFO  testCases.TC_001_AccountRegistrationTest - ***  Starting TC_001_AccountRegistrationTest ***
20:59:22.364 [TestNG-tests-1] INFO  testCases.TC_001_AccountRegistrationTest - Clicked on My account link
20:59:22.467 [TestNG-tests-2] INFO  testCases.TC_001_AccountRegistrationTest - Clicked on My account link
20:59:22.996 [TestNG-tests-2] INFO  testCases.TC_001_AccountRegistrationTest - Clicked on register link
20:59:23.000 [TestNG-tests-2] INFO  testCases.TC_001_AccountRegistrationTest - Providing customer data
20:59:23.079 [TestNG-tests-1] INFO  testCases.TC_001_AccountRegistrationTest - Clicked on register link
20:59:23.082 [TestNG-tests-1] INFO  testCases.TC_001_AccountRegistrationTest - Providing customer data
20:59:24.676 [TestNG-tests-2] ERROR testCases.TC_001_AccountRegistrationTest - test failed
20:59:24.750 [TestNG-tests-1] ERROR testCases.TC_001_AccountRegistrationTest - test failed
21:17:04.233 [main] INFO  testCases.TC_001_AccountRegistrationTest - ***  Starting TC_001_AccountRegistrationTest ***
21:17:04.347 [main] INFO  testCases.TC_001_AccountRegistrationTest - Clicked on My account link
21:17:04.807 [main] INFO  testCases.TC_001_AccountRegistrationTest - Clicked on register link
21:17:04.810 [main] INFO  testCases.TC_001_AccountRegistrationTest - Providing customer data
21:17:06.483 [main] ERROR testCases.TC_001_AccountRegistrationTest - test failed
21:38:30.838 [main] INFO  testCases.TC_001_AccountRegistrationTest - ***  Starting TC_001_AccountRegistrationTest ***
21:38:30.969 [main] INFO  testCases.TC_001_AccountRegistrationTest - Clicked on My account link
21:38:31.479 [main] INFO  testCases.TC_001_AccountRegistrationTest - Clicked on register link
21:38:31.483 [main] INFO  testCases.TC_001_AccountRegistrationTest - Providing customer data
21:38:33.127 [main] ERROR testCases.TC_001_AccountRegistrationTest - test failed
22:21:14.228 [main] INFO  testCases.TC_002_LoginTest - Starting TC_002_LoginTest
22:21:14.356 [main] INFO  testCases.TC_002_LoginTest - Clicked on My Account
22:21:14.734 [main] INFO  testCases.TC_002_LoginTest - Clicked on Login Link
22:21:14.735 [main] INFO  testCases.TC_002_LoginTest - Providing Login details
